c:\users\megal\source\repos\cse165_project\cse165project\cse165\x64\debug\vc143.pdb
c:\users\megal\source\repos\cse165_project\cse165project\cse165\x64\debug\vc143.idb
c:\users\megal\source\repos\cse165_project\cse165project\cse165\x64\debug\texture.obj
c:\users\megal\source\repos\cse165_project\cse165project\cse165\x64\debug\shader.obj
c:\users\megal\source\repos\cse165_project\cse165project\cse165\x64\debug\renderer.obj
c:\users\megal\source\repos\cse165_project\cse165project\cse165\x64\debug\main.obj
c:\users\megal\source\repos\cse165_project\cse165project\cse165\x64\debug\glm.obj
c:\users\megal\source\repos\cse165_project\cse165project\cse165\x64\debug\game.obj
c:\users\megal\source\repos\cse165_project\cse165project\cse165\x64\debug\wfetc.obj
c:\users\megal\source\repos\cse165_project\cse165project\cse165\x64\debug\soil2.obj
c:\users\megal\source\repos\cse165_project\cse165project\cse165\x64\debug\image_helper.obj
c:\users\megal\source\repos\cse165_project\cse165project\cse165\x64\debug\image_dxt.obj
c:\users\megal\source\repos\cse165_project\cse165project\cse165\x64\debug\glad.obj
c:\users\megal\source\repos\cse165_project\cse165project\cse165\x64\debug\cse165.pdb
c:\users\megal\source\repos\cse165_project\cse165project\cse165\x64\debug\cse165.tlog\cl.command.1.tlog
c:\users\megal\source\repos\cse165_project\cse165project\cse165\x64\debug\cse165.tlog\cl.read.1.tlog
c:\users\megal\source\repos\cse165_project\cse165project\cse165\x64\debug\cse165.tlog\cl.write.1.tlog
c:\users\megal\source\repos\cse165_project\cse165project\cse165\x64\debug\cse165.tlog\link-cvtres.read.1.tlog
c:\users\megal\source\repos\cse165_project\cse165project\cse165\x64\debug\cse165.tlog\link-cvtres.write.1.tlog
c:\users\megal\source\repos\cse165_project\cse165project\cse165\x64\debug\cse165.tlog\link-rc.read.1.tlog
c:\users\megal\source\repos\cse165_project\cse165project\cse165\x64\debug\cse165.tlog\link-rc.write.1.tlog
c:\users\megal\source\repos\cse165_project\cse165project\cse165\x64\debug\cse165.tlog\link.command.1.tlog
c:\users\megal\source\repos\cse165_project\cse165project\cse165\x64\debug\cse165.tlog\link.read.1.tlog
c:\users\megal\source\repos\cse165_project\cse165project\cse165\x64\debug\cse165.tlog\link.read.2.tlog
c:\users\megal\source\repos\cse165_project\cse165project\cse165\x64\debug\cse165.tlog\link.write.1.tlog
